Performing C SOURCE FILE Test CMAKE_HAVE_LIBC_PTHREAD failed with the following output:
Change Dir: /gaoziyuan_ssd1n1/learn/gaoziyuan-ops/build/CMakeFiles/CMakeTmp

Run Build Command(s):/usr/bin/make cmTC_b1b9d/fast && /usr/bin/make -f CMakeFiles/cmTC_b1b9d.dir/build.make CMakeFiles/cmTC_b1b9d.dir/build
make[1]: Entering directory '/gaoziyuan_ssd1n1/learn/gaoziyuan-ops/build/CMakeFiles/CMakeTmp'
Building C object CMakeFiles/cmTC_b1b9d.dir/src.c.o
/usr/local/gcc-8.2/bin/gcc   -fPIC -DCMAKE_HAVE_LIBC_PTHREAD   -o CMakeFiles/cmTC_b1b9d.dir/src.c.o   -c /gaoziyuan_ssd1n1/learn/gaoziyuan-ops/build/CMakeFiles/CMakeTmp/src.c
Linking C executable cmTC_b1b9d
/home/cmake-3.16.0-Linux-x86_64/bin/cmake -E cmake_link_script CMakeFiles/cmTC_b1b9d.dir/link.txt --verbose=1
/usr/local/gcc-8.2/bin/gcc -fPIC -DCMAKE_HAVE_LIBC_PTHREAD    CMakeFiles/cmTC_b1b9d.dir/src.c.o  -o cmTC_b1b9d 
/usr/local/bin/ld: CMakeFiles/cmTC_b1b9d.dir/src.c.o: in function `main':
src.c:(.text+0x2f): undefined reference to `pthread_create'
/usr/local/bin/ld: src.c:(.text+0x3b): undefined reference to `pthread_detach'
/usr/local/bin/ld: src.c:(.text+0x4c): undefined reference to `pthread_join'
/usr/local/bin/ld: src.c:(.text+0x60): undefined reference to `pthread_atfork'
collect2: error: ld returned 1 exit status
CMakeFiles/cmTC_b1b9d.dir/build.make:86: recipe for target 'cmTC_b1b9d' failed
make[1]: *** [cmTC_b1b9d] Error 1
make[1]: Leaving directory '/gaoziyuan_ssd1n1/learn/gaoziyuan-ops/build/CMakeFiles/CMakeTmp'
Makefile:121: recipe for target 'cmTC_b1b9d/fast' failed
make: *** [cmTC_b1b9d/fast] Error 2


Source file was:
#include <pthread.h>

void* test_func(void* data)
{
  return data;
}

int main(void)
{
  pthread_t thread;
  pthread_create(&thread, NULL, test_func, NULL);
  pthread_detach(thread);
  pthread_join(thread, NULL);
  pthread_atfork(NULL, NULL, NULL);
  pthread_exit(NULL);

  return 0;
}

Determining if the function pthread_create exists in the pthreads failed with the following output:
Change Dir: /gaoziyuan_ssd1n1/learn/gaoziyuan-ops/build/CMakeFiles/CMakeTmp

Run Build Command(s):/usr/bin/make cmTC_fbe34/fast && /usr/bin/make -f CMakeFiles/cmTC_fbe34.dir/build.make CMakeFiles/cmTC_fbe34.dir/build
make[1]: Entering directory '/gaoziyuan_ssd1n1/learn/gaoziyuan-ops/build/CMakeFiles/CMakeTmp'
Building C object CMakeFiles/cmTC_fbe34.dir/CheckFunctionExists.c.o
/usr/local/gcc-8.2/bin/gcc   -fPIC -DCHECK_FUNCTION_EXISTS=pthread_create   -o CMakeFiles/cmTC_fbe34.dir/CheckFunctionExists.c.o   -c /home/cmake-3.16.0-Linux-x86_64/share/cmake-3.16/Modules/CheckFunctionExists.c
Linking C executable cmTC_fbe34
/home/cmake-3.16.0-Linux-x86_64/bin/cmake -E cmake_link_script CMakeFiles/cmTC_fbe34.dir/link.txt --verbose=1
/usr/local/gcc-8.2/bin/gcc -fPIC -DCHECK_FUNCTION_EXISTS=pthread_create    CMakeFiles/cmTC_fbe34.dir/CheckFunctionExists.c.o  -o cmTC_fbe34  -lpthreads 
/usr/local/bin/ld: cannot find -lpthreads
collect2: error: ld returned 1 exit status
CMakeFiles/cmTC_fbe34.dir/build.make:86: recipe for target 'cmTC_fbe34' failed
make[1]: *** [cmTC_fbe34] Error 1
make[1]: Leaving directory '/gaoziyuan_ssd1n1/learn/gaoziyuan-ops/build/CMakeFiles/CMakeTmp'
Makefile:121: recipe for target 'cmTC_fbe34/fast' failed
make: *** [cmTC_fbe34/fast] Error 2



